Messages
=========================
SPIM Version 8.0 of January 8, 2010
Copyright 1990-2010, James R. Larus.
All Rights Reserved.
DOS and Windows ports by David A. Carley.
Copyright 1997, Morgan Kaufmann Publishers, Inc.
See the file README for a full copyright notice.
Memory and registers cleared and the simulator reinitialized.

SPIM Version 8.0 of January 8, 2010
Copyright 1990-2010, James R. Larus.
All Rights Reserved.
DOS and Windows ports by David A. Carley.
Copyright 1997, Morgan Kaufmann Publishers, Inc.
See the file README for a full copyright notice.
Z:\home\michael\src\custom-coproc-raim\alg\asm\raim.s successfully loaded


Registers
=========================
 PC      = 00400000   EPC     = 00000000   Cause   = 00000000   BadVAddr= 00000000
 Status  = 3000ff10   HI      = 00000000   LO      = 00000000
                                 General Registers
R0  (r0) = 00000000  R8  (t0) = 00000000  R16 (s0) = 00000000  R24 (t8) = 00000000
R1  (at) = 00000000  R9  (t1) = 00000000  R17 (s1) = 00000000  R25 (t9) = 00000000
R2  (v0) = 00000000  R10 (t2) = 00000000  R18 (s2) = 00000000  R26 (k0) = 00000000
R3  (v1) = 00000000  R11 (t3) = 00000000  R19 (s3) = 00000000  R27 (k1) = 00000000
R4  (a0) = 00000000  R12 (t4) = 00000000  R20 (s4) = 00000000  R28 (gp) = 10008000
R5  (a1) = 00000000  R13 (t5) = 00000000  R21 (s5) = 00000000  R29 (sp) = 7ffff1a8
R6  (a2) = 7ffff1b0  R14 (t6) = 00000000  R22 (s6) = 00000000  R30 (s8) = 00000000
R7  (a3) = 00000000  R15 (t7) = 00000000  R23 (s7) = 00000000  R31 (ra) = 00000000

 FIR    = 00009800    FCSR    = 00000000    FCCR   = 00000000   FEXR    = 00000000
 FENR   = 00000000
                              Double Floating Point Registers
FP0 =00000000,00000000 FP8 =00000000,00000000 FP16=00000000,00000000 FP24=00000000,00000000
FP2 =00000000,00000000 FP10=00000000,00000000 FP18=00000000,00000000 FP26=00000000,00000000
FP4 =00000000,00000000 FP12=00000000,00000000 FP20=00000000,00000000 FP28=00000000,00000000
FP6 =00000000,00000000 FP14=00000000,00000000 FP22=00000000,00000000 FP30=00000000,00000000
                              Single Floating Point Registers
FP0 =00000000 FP8 =00000000 FP16=00000000 FP24=00000000
FP1 =00000000 FP9 =00000000 FP17=00000000 FP25=00000000
FP2 =00000000 FP10=00000000 FP18=00000000 FP26=00000000
FP3 =00000000 FP11=00000000 FP19=00000000 FP27=00000000
FP4 =00000000 FP12=00000000 FP20=00000000 FP28=00000000
FP5 =00000000 FP13=00000000 FP21=00000000 FP29=00000000
FP6 =00000000 FP14=00000000 FP22=00000000 FP30=00000000
FP7 =00000000 FP15=00000000 FP23=00000000 FP31=00000000


Console
=========================


Text Segment
=========================
[0x00400000]        0x3c041001  lui $4, 4097 [str_greeting]     ; 134: la $a0, str_greeting
[0x00400004]        0x34020004  ori $2, $0, 4                   ; 135: ori $v0, $zero, 4
[0x00400008]        0x0000000c  syscall                         ; 136: syscall
[0x0040000c]        0x3c011001  lui $1, 4097 [data_bias_nom]    ; 141: la $t0, data_bias_nom
[0x00400010]        0x3428006c  ori $8, $1, 108 [data_bias_nom]
[0x00400014]        0x00000000  nop                             ; 142: nop # LWC2 $AL0, -12($t0)
[0x00400018]        0x00000000  nop                             ; 143: nop # LWC2 $SA2, -8($t0)
[0x0040001c]        0x00000000  nop                             ; 144: nop # LWC2 $SE2, -4($t0)
[0x00400020]        0x00000000  nop                             ; 145: nop # LWC2 $KX, 4($t0)
[0x00400024]        0x00000000  nop                             ; 146: nop # LWC2 $KY, 8($t0)
[0x00400028]        0x00000000  nop                             ; 147: nop # LWC2 $KZ, 12($t0)
[0x0040002c]        0x00000000  nop                             ; 148: nop # LWC2 $KR, 16($t0)
[0x00400030]        0x3c011001  lui $1, 4097 [data_sv0]         ; 151: la $t1, data_sv0 # initial cursor
[0x00400034]        0x34290080  ori $9, $1, 128 [data_sv0]
[0x00400038]        0x3c011001  lui $1, 4097 [data_sv9]         ; 152: la $t2, data_sv9 # last SV cursor
[0x0040003c]        0x342a017c  ori $10, $1, 380 [data_sv9]
[0x00400040]        0x00000000  nop                             ; 156: nop # LWC2 $LX, 0($t1)
[0x00400044]        0x00000000  nop                             ; 157: nop # LWC2 $LY, 4($t1)
[0x00400048]        0x00000000  nop                             ; 158: nop # LWC2 $LZ, 8($t1)
[0x0040004c]        0x00000000  nop                             ; 159: nop # LWC2 $C, 12($t1)
[0x00400050]        0x00000000  nop                             ; 160: nop # LWC2 $ST, 16($t1)
[0x00400054]        0x00000000  nop                             ; 161: nop # LWC2 $SR, 20($t1)
[0x00400058]        0x00000000  nop                             ; 162: nop # LWC2 $Y15, 24($t1)
[0x0040005c]        0x00000000  nop                             ; 163: nop # LWC2 $BN, 0($t0)
[0x00400060]        0x00000000  nop                             ; 164: nop # NEWSVC2
[0x00400064]        0x012a582a  slt $11, $9, $10                ; 165: slt $t3, $t1, $t2 # t3 <- t1 < t2
[0x00400068]        0x2129001c  addi $9, $9, 28                 ; 166: addi $t1, $t1, 28 # move cursor to next SV
[0x0040006c]        0x1560fff4  bne $11, $0, -48 [load_loop-0x0040006c]; 167: bnez $t3, load_loop
[0x00400070]        0x00000000  nop                             ; 174: nop # CALCUC2
[0x00400074]        0x340803ff  ori $8, $0, 1023                ; 175: ori $t0, $zero, 1023
[0x00400078]        0x00000000  nop                             ; 176: nop # MTC2 $t0, $IDX
[0x0040007c]        0x00000000  nop                             ; 177: nop # INITPC2 $zero
[0x00400080]        0x00000000  nop                             ; 178: nop # CALCPC2 $zero
[0x00400084]        0x00000000  nop                             ; 179: nop # WLSC2 $zero
[0x00400088]        0x0403ffff  bgezl $0 -4 [aiv_wait_wls-0x00400088]; 181: bgezl $zero, aiv_wait_wls # BMMC2 aiv_wait_wls
[0x0040008c]        0x00000000  nop                             ; 182: nop # NEWSSC2
[0x00400090]        0x3c011001  lui $1, 4097 [data_subsets]     ; 186: la $t0, data_subsets # initial subset
[0x00400094]        0x34280198  ori $8, $1, 408 [data_subsets]
[0x00400098]        0x20090004  addi $9, $0, 4                  ; 187: addi $t1, $zero, 4   # subset cursor
[0x0040009c]        0x00000000  nop                             ; 192: nop # LWXC2 $IDX, $t1($t0)
[0x004000a0]        0x00000000  nop                             ; 193: nop # INITPC2 $t1
[0x004000a4]        0x00000000  nop                             ; 194: nop # CALCPC2 $t1
[0x004000a8]        0x00000000  nop                             ; 195: nop # WLSC2 $t1
[0x004000ac]        0x0403ffff  bgezl $0 -4 [ss_wait_wls-0x004000ac]; 197: bgezl $zero, ss_wait_wls # BMMC2 ss_wait_wls
[0x004000b0]        0x00000000  nop                             ; 200: nop # POSVARC2 $t1
[0x004000b4]        0x00000000  nop                             ; 201: nop # BIAS $t1
[0x004000b8]        0x00000000  nop                             ; 202: nop # CALCSS $t1
[0x004000bc]        0x00000000  nop                             ; 203: nop # SSVARC2 $t1
[0x004000c0]        0x0403ffff  bgezl $0 -4 [ss_wait_var-0x004000c0]; 205: bgezl $zero, ss_wait_var # BMMC2 ss_wait_var
[0x004000c4]        0x00000000  nop                             ; 206: nop # TSTGC2 $t1
[0x004000c8]        0x04030005  bgezl $0 20 [sv_local_test-0x004000c8]; 207: bgezl $zero, sv_local_test # BFDC2 sv_local_test
[0x004000cc]        0x3c011001  lui $1, 4097 [str_fault_ndet]   ; 208: la $a0, str_fault_ndet
[0x004000d0]        0x34240010  ori $4, $1, 16 [str_fault_ndet]
[0x004000d4]        0x34020004  ori $2, $0, 4                   ; 209: ori $v0, $zero, 4
[0x004000d8]        0x0000000c  syscall                         ; 210: syscall
[0x004000dc]        0x0810004b  j 0x0040012c [subset_loop_increment]; 211: j subset_loop_increment
[0x004000e0]        0x3c011001  lui $1, 4097 [str_fault_det]    ; 215: la $a0, str_fault_det
[0x004000e4]        0x34240028  ori $4, $1, 40 [str_fault_det]
[0x004000e8]        0x34020004  ori $2, $0, 4                   ; 216: ori $v0, $zero, 4
[0x004000ec]        0x0000000c  syscall                         ; 217: syscall
[0x004000f0]        0x340b0000  ori $11, $0, 0                  ; 218: ori $t3, $zero, 0 # initial counter
[0x004000f4]        0x00000000  nop                             ; 222: nop # TSTLC2 $t3, $TSTi
[0x004000f8]        0x0403fff9  bgezl $0 -28 [sv_local_test-0x004000f8]; 223: bgezl $zero, sv_local_test # BFLC2 faulty_sv_located
[0x004000fc]        0x3c011001  lui $1, 4097 [str_fault_nloc]   ; 224: la $a0, str_fault_nloc
[0x00400100]        0x3424003c  ori $4, $1, 60 [str_fault_nloc]
[0x00400104]        0x34020004  ori $2, $0, 4                   ; 225: ori $v0, $zero, 4
[0x00400108]        0x0000000c  syscall                         ; 226: syscall
[0x0040010c]        0x08100048  j 0x00400120 [sv_local_test_loop_increment]; 227: j sv_local_test_loop_increment
[0x00400110]        0x3c011001  lui $1, 4097 [str_fault_loc]    ; 230: la $a0, str_fault_loc
[0x00400114]        0x34240050  ori $4, $1, 80 [str_fault_loc]
[0x00400118]        0x34020004  ori $2, $0, 4                   ; 231: ori $v0, $zero, 4
[0x0040011c]        0x0000000c  syscall                         ; 232: syscall
[0x00400120]        0x296c0009  slti $12, $11, 9                ; 235: slti $t4, $t3, 9 # t4 <- t3 < 9
[0x00400124]        0x216b0001  addi $11, $11, 1                ; 236: addi $t3, $t3, 1 # move cursor to next subset
[0x00400128]        0x1580fff2  bne $12, $0, -56 [sv_local_test_loop-0x00400128]; 237: bnez $t4, sv_local_test_loop
[0x0040012c]        0x00000000  nop                             ; 241: nop # NEWSSC2
[0x00400130]        0x292a0008  slti $10, $9, 8                 ; 242: slti $t2, $t1, 8 # t2 <- t1 < 8
[0x00400134]        0x21290004  addi $9, $9, 4                  ; 243: addi $t1, $t1, 4  # move cursor to next subset
[0x00400138]        0x1540ffd8  bne $10, $0, -160 [subset_loop-0x00400138]; 244: bnez $t2, subset_loop
[0x0040013c]        0x2002000a  addi $2, $0, 10                 ; 247: addi $v0, $zero, 10
[0x00400140]        0x0000000c  syscall                         ; 248: syscall
[0x00400144]        0x0810004f  j 0x0040013c [end]              ; 249: j end

        KERNEL


Data Segment
=========================
        DATA
[0x10000000]...[0x10010000]        0x00000000
[0x10010000]                        0x6c6c6548  0x77202c6f  0x646c726f  0x00000a21
[0x10010010]                        0x6c756146  0x6f6e2074  0x65642074  0x74636574
[0x10010020]                        0x0a216465  0x00000000  0x6c756146  0x65642074
[0x10010030]                        0x74636574  0x0a216465  0x00000000  0x6c756146
[0x10010040]                        0x6f6e2074  0x6f6c2074  0x65746163  0x000a2164
[0x10010050]                        0x6c756146  0x6f6c2074  0x65746163  0x000a2164
[0x10010060]                        0x3e051eb8  0x3f100000  0x3e800000  0x3f000000
[0x10010070]                        0x40c127bb  0x40c127bb  0x40aca64c  0x40939097
[0x10010080]                        0x3cb851ec  0x3f7ebee0  0xbdc5d639  0x00000000
[0x10010090]                        0x3fa2faeb  0x40033f88  0xc1d03d71  0x3f2ccccd
[0x100100a0]                        0xbf30a3d7  0xbe85bc02  0x00000000  0x3e5261d9
[0x100100b0]                        0x3f2b77e9  0x41b70a3d  0x3d941206  0xbf28fc50
[0x100100c0]                        0xbf3f6944  0x00000000  0x3cd2adba  0x3e8b58bb
[0x100100d0]                        0xc12dc28f  0xbf7096bc  0x3e82b6ae  0xbe685879
[0x100100e0]                        0x00000000  0x3e8a1c12  0x3f4e5b71  0xc0b051ec
[0x100100f0]                        0xbf17381d  0xbf40ff97  0xbe934d6a  0x00000000
[0x10010100]                        0x3e2e4d6b  0x3f17152d  0xc01ccccd  0xbea5aee6
[0x10010110]                        0xbd10ff97  0xbf720c4a  0x00000001  0x3c83eabf
[0x10010120]                        0x3e878d6a  0xc150f5c3  0xbf2cbfb1  0x3edf06f7
[0x10010130]                        0xbf187fcc  0x00000001  0x3d259b2c  0x3e963948
[0x10010140]                        0x421028f6  0x3dc01a37  0xbf334d6a  0xbf351eb8
[0x10010150]                        0x00000001  0x3ceb2dc7  0x3e8d2598  0xc14dc28f
[0x10010160]                        0x3f0e9e1b  0x3e9e1b09  0xbf4559b4  0x00000001
[0x10010170]                        0x3cc63a90  0x3e8a885d  0x41533333  0x3f2985f0
[0x10010180]                        0x3f321ff3  0xbe8e5604  0x00000001  0x3e3a577c
[0x10010190]                        0x3f1dfb07  0x41a4b852  0x000003ff  0x000003e0
[0x100101a0]                        0x0000001f  0x00000000  0x00000000  0x00000000
[0x100101b0]...[0x10040000]        0x00000000

        STACK
[0x7ffff1a8]                        0x00000000  0x00000000

        KERNEL DATA
[0x90000000]...[0x90010000]        0x00000000


